<?xml version="1.0" encoding="UTF-8"?>
<!-- Generated by org.testng.reporters.JUnitReportReporter -->
<testsuite hostname="LAPTOP-S43AIH1I" failures="0" tests="1" name="web.HerokuappTest" time="0.775" errors="0" timestamp="2023-09-14T22:05:23 IST" skipped="0">
  <testcase classname="web.HerokuappTest" name="printWebTable" time="0.775"/>
  <system-out/>
</testsuite> <!-- web.HerokuappTest -->
