<?xml version="1.0" encoding="UTF-8"?>
<!-- Generated by org.testng.reporters.JUnitReportReporter -->
<testsuite hostname="LAPTOP-S43AIH1I" failures="0" tests="4" name="api.FetchDataTest" time="103.133" errors="0" timestamp="2023-09-14T22:52:18 IST" skipped="0">
  <testcase classname="api.FetchDataTest" name="ConvertToCSV" time="4.561"/>
  <system-out/>
  <testcase classname="api.FetchDataTest" name="findExperession" time="12.426"/>
  <system-out/>
  <testcase classname="api.FetchDataTest" name="PrintTable" time="86.132"/>
  <system-out/>
  <testcase classname="api.FetchDataTest" name="getTime" time="0.014"/>
  <system-out/>
</testsuite> <!-- api.FetchDataTest -->
